2020-11-01 15:55:43
test_data_length:53757

fold:1/5
train_data_length:17268

dev_data_length:4317

epoch:1/10
training step:    40, loss: 0.48547, precision: 0.273 recall: 0.750 f1: 0.400 
training step:    80, loss: 0.42267, precision: 0.333 recall: 0.857 f1: 0.480 
training step:   120, loss: 0.45675, precision: 0.474 recall: 0.857 f1: 0.610 
time consumption of training:0.81(min)
start evaluate model...
loss: 0.40352, precision: 0.591 recall: 0.681 f1: 0.632 accuracy: 0.833 
time consumption of evaluating:11.86(min)
epoch:2/10
training step:    40, loss: 0.38382, precision: 0.562 recall: 0.667 f1: 0.610 
training step:    80, loss: 0.42010, precision: 0.632 recall: 0.686 f1: 0.658 
training step:   120, loss: 0.36377, precision: 0.467 recall: 0.667 f1: 0.549 
time consumption of training:0.82(min)
start evaluate model...
loss: 0.37429, precision: 0.498 recall: 0.767 f1: 0.604 accuracy: 0.841 
time consumption of evaluating:11.89(min)
epoch:3/10
training step:    40, loss: 0.43822, precision: 0.515 recall: 0.773 f1: 0.618 
training step:    80, loss: 0.31287, precision: 0.657 recall: 0.821 f1: 0.730 
training step:   120, loss: 0.47793, precision: 0.429 recall: 0.625 f1: 0.508 
time consumption of training:0.84(min)
start evaluate model...
loss: 0.36826, precision: 0.517 recall: 0.762 f1: 0.616 accuracy: 0.843 
time consumption of evaluating:11.92(min)
epoch:4/10
training step:    40, loss: 0.43133, precision: 0.533 recall: 0.667 f1: 0.593 
training step:    80, loss: 0.45580, precision: 0.618 recall: 0.636 f1: 0.627 
training step:   120, loss: 0.36908, precision: 0.531 recall: 0.810 f1: 0.642 
time consumption of training:0.82(min)
start evaluate model...
loss: 0.36388, precision: 0.556 recall: 0.742 f1: 0.636 accuracy: 0.845 
time consumption of evaluating:11.97(min)
epoch:5/10
training step:    40, loss: 0.38148, precision: 0.500 recall: 0.773 f1: 0.607 
training step:    80, loss: 0.36607, precision: 0.333 recall: 0.667 f1: 0.444 
training step:   120, loss: 0.36146, precision: 0.469 recall: 0.682 f1: 0.556 
time consumption of training:0.82(min)
start evaluate model...
loss: 0.37946, precision: 0.674 recall: 0.667 f1: 0.670 accuracy: 0.838 
time consumption of evaluating:11.96(min)
epoch:6/10
training step:    40, loss: 0.34408, precision: 0.647 recall: 0.846 f1: 0.733 
training step:    80, loss: 0.40959, precision: 0.474 recall: 0.692 f1: 0.562 
training step:   120, loss: 0.38947, precision: 0.578 recall: 0.897 f1: 0.703 
time consumption of training:0.82(min)
start evaluate model...
loss: 0.36345, precision: 0.600 recall: 0.714 f1: 0.652 accuracy: 0.844 
time consumption of evaluating:11.95(min)
epoch:7/10
training step:    40, loss: 0.36821, precision: 0.710 recall: 0.733 f1: 0.721 
training step:    80, loss: 0.34519, precision: 0.594 recall: 0.731 f1: 0.655 
training step:   120, loss: 0.37310, precision: 0.370 recall: 0.667 f1: 0.476 
time consumption of training:0.82(min)
start evaluate model...
loss: 0.35933, precision: 0.551 recall: 0.745 f1: 0.633 accuracy: 0.844 
time consumption of evaluating:11.94(min)
epoch:8/10
training step:    40, loss: 0.30238, precision: 0.577 recall: 0.789 f1: 0.667 
training step:    80, loss: 0.38571, precision: 0.562 recall: 0.750 f1: 0.643 
training step:   120, loss: 0.35747, precision: 0.414 recall: 0.706 f1: 0.522 
